<?xml version="1.0" encoding="UTF-8"?>
<testsuite name="com.CricketAnalyser.IPLAnalyserTest" tests="1" skipped="1" failures="0" errors="0" timestamp="2020-05-22T08:46:20" hostname="DESKTOP-V36FRB4" time="55.842">
  <properties/>
  <testcase name="givenIPLSheet_whenSortedOnMaximumRunsWithAverage_shouldReturnSortedResult" classname="com.CricketAnalyser.IPLAnalyserTest" time="55.842">
    <skipped/>
  </testcase>
  <system-out><![CDATA[]]></system-out>
  <system-err><![CDATA[]]></system-err>
</testsuite>
