<?xml version="1.0" encoding="UTF-8"?>
<testsuite name="com.CricketAnalyser.IPLAnalyserTest" tests="1" skipped="0" failures="0" errors="0" timestamp="2020-05-22T16:01:01" hostname="DESKTOP-V36FRB4" time="0.709">
  <properties/>
  <testcase name="givenIPLWicketsSheet_whenSortedOnBattingAvgAndBowlingAvg_shouldReturnSortedResult" classname="com.CricketAnalyser.IPLAnalyserTest" time="0.709"/>
  <system-out><![CDATA[]]></system-out>
  <system-err><![CDATA[]]></system-err>
</testsuite>
