<?xml version="1.0" encoding="UTF-8"?>
<testsuite name="com.CricketAnalyser.IPLAnalyserTest" tests="1" skipped="0" failures="0" errors="0" timestamp="2020-05-19T11:52:33" hostname="DESKTOP-V36FRB4" time="0.028">
  <properties/>
  <testcase name="givenIPLSheet_withCSVFile_shouldReturnCorrectRecords" classname="com.CricketAnalyser.IPLAnalyserTest" time="0.028"/>
  <system-out><![CDATA[]]></system-out>
  <system-err><![CDATA[]]></system-err>
</testsuite>
